0 info it worked if it ends with ok
1 verbose cli [ 'C:\\Program Files\\nodejs\\node.exe',
1 verbose cli   'C:\\Program Files\\nodejs\\node_modules\\npm\\bin\\npm-cli.js',
1 verbose cli   'run',
1 verbose cli   'e2e' ]
2 info using npm@2.14.12
3 info using node@v4.3.1
4 verbose run-script [ 'pree2e', 'e2e', 'poste2e' ]
5 info pree2e angular2-quickstart@1.0.0
6 verbose unsafe-perm in lifecycle true
7 info e2e angular2-quickstart@1.0.0
8 verbose unsafe-perm in lifecycle true
9 info angular2-quickstart@1.0.0 Failed to exec e2e script
10 verbose stack Error: angular2-quickstart@1.0.0 e2e: `tsc && concurrently "http-server -s" "protractor protractor.config.js" --kill-others --success first`
10 verbose stack Exit status 1
10 verbose stack     at EventEmitter.<anonymous> (C:\Program Files\nodejs\node_modules\npm\lib\utils\lifecycle.js:214:16)
10 verbose stack     at emitTwo (events.js:87:13)
10 verbose stack     at EventEmitter.emit (events.js:172:7)
10 verbose stack     at ChildProcess.<anonymous> (C:\Program Files\nodejs\node_modules\npm\lib\utils\spawn.js:24:14)
10 verbose stack     at emitTwo (events.js:87:13)
10 verbose stack     at ChildProcess.emit (events.js:172:7)
10 verbose stack     at maybeClose (internal/child_process.js:821:16)
10 verbose stack     at Process.ChildProcess._handle.onexit (internal/child_process.js:211:5)
11 verbose pkgid angular2-quickstart@1.0.0
12 verbose cwd C:\Development\Projects\real-estate\project
13 error Windows_NT 10.0.14393
14 error argv "C:\\Program Files\\nodejs\\node.exe" "C:\\Program Files\\nodejs\\node_modules\\npm\\bin\\npm-cli.js" "run" "e2e"
15 error node v4.3.1
16 error npm  v2.14.12
17 error code ELIFECYCLE
18 error angular2-quickstart@1.0.0 e2e: `tsc && concurrently "http-server -s" "protractor protractor.config.js" --kill-others --success first`
18 error Exit status 1
19 error Failed at the angular2-quickstart@1.0.0 e2e script 'tsc && concurrently "http-server -s" "protractor protractor.config.js" --kill-others --success first'.
19 error This is most likely a problem with the angular2-quickstart package,
19 error not with npm itself.
19 error Tell the author that this fails on your system:
19 error     tsc && concurrently "http-server -s" "protractor protractor.config.js" --kill-others --success first
19 error You can get their info via:
19 error     npm owner ls angular2-quickstart
19 error There is likely additional logging output above.
20 verbose exit [ 1, true ]
